================================================================================
Appcelerator Titanium Diagnostics Build Log
The contents of this file are useful to send to Appcelerator Support if
reporting an issue to help us understand your environment, build settings
and aid in debugging. Please attach this log to any issue that you report.
================================================================================

Starting build at 03/01/11 02:45

Build details:

   timestamp=02/23/11 12:34
   version=1.6.0
   githash=9882e81


Script arguments:
   /Library/Application Support/Titanium/mobilesdk/osx/1.6.0/iphone/builder.py
   simulator
   "4.2"
   "/Users/MacBob/Documents/Aptana Studio 3 Workspace/MetalTest"
   com.metal.test
   "MetalTest"
   iphone

Building from: /Library/Application Support/Titanium/mobilesdk/osx/1.6.0/iphone
Platform: Darwin Kernel Version 10.6.0: Wed Nov 10 18:13:17 PST 2010; root:xnu-1504.9.26~3/RELEASE_I386

Xcode path is: /Developer


githash=9882e81, existing_git_hash=9882e81
writing contents of /Users/MacBob/Documents/Aptana Studio 3 Workspace/MetalTest/build/iphone/project.xcconfig:

TI_VERSION=1.6.0
TI_SDK_DIR=/Library/Application Support/Titanium/mobilesdk/osx/$(TI_VERSION)/iphone
TI_APPID=com.metal.test
OTHER_LDFLAGS[sdk=iphoneos4*]=$(inherited) -weak_framework iAd
OTHER_LDFLAGS[sdk=iphonesimulator4*]=$(inherited) -weak_framework iAd
#include "module"

old contents


Generated the following stylecode code:

<?xml version="1.0" encoding="UTF-8"?>
<!DOCTYPE plist PUBLIC "-//Apple//DTD PLIST 1.0//EN" "http://www.apple.com/DTDs/PropertyList-1.0.dtd">
<plist version="1.0">
	<dict>
		<key>classes</key>
		<dict>
<key>_app</key>
<dict>
<key>view-simple</key>
<dict>
<key>width</key>
<string>100</string>
<key>backgroundColor</key>
<string>black</string>
<key>height</key>
<string>100</string>
</dict>
<key>window-different</key>
<dict>
<key>barColor</key>
<string>blue</string>
<key>backgroundColor</key>
<string>white</string>
</dict>
<key>window-simple</key>
<dict>
<key>barColor</key>
<string>#000</string>
<key>backgroundColor</key>
<string>white</string>
</dict>
</dict>
<key>app</key>
<dict>
<key>text-white</key>
<dict>
<key>color</key>
<string>white</string>
<key>width</key>
<string>auto</string>
<key>font</key>
<dict>
<key>fontSize</key>
<string>10</string>
</dict>
<key>height</key>
<string>auto</string>
</dict>
<key>events-row-pin</key>
<dict>
<key>width</key>
<string>32</string>
<key>top</key>
<string>5</string>
<key>height</key>
<string>32</string>
</dict>
<key>events-header</key>
<dict>
<key>width</key>
<string>auto</string>
<key>top</key>
<string>10</string>
<key>backgroundColor</key>
<string>black</string>
<key>height</key>
<string>40</string>
</dict>
<key>events-header-wrapper</key>
<dict>
<key>borderColor</key>
<string>#444</string>
<key>right</key>
<string>5</string>
<key>layout</key>
<string>horizontal</string>
<key>borderRadius</key>
<string>5</string>
<key>top</key>
<string>10</string>
<key>height</key>
<string>23</string>
<key>width</key>
<string>95%</string>
<key>borderWidth</key>
<string>1</string>
<key>backgroundColor</key>
<string>#444</string>
<key>left</key>
<string>5</string>
</dict>
<key>text-yellow</key>
<dict>
<key>color</key>
<string>yellow</string>
<key>width</key>
<string>auto</string>
<key>font</key>
<dict>
<key>fontSize</key>
<string>12</string>
</dict>
<key>height</key>
<string>auto</string>
</dict>
<key>events-row</key>
<dict>
<key>width</key>
<string>auto</string>
<key>top</key>
<string>9</string>
<key>layout</key>
<string>horizontal</string>
<key>height</key>
<string>auto</string>
</dict>
<key>hbox</key>
<dict>
<key>width</key>
<string>auto</string>
<key>layout</key>
<string>horizontal</string>
<key>height</key>
<string>auto</string>
</dict>
<key>header-yellow</key>
<dict>
<key>color</key>
<string>yellow</string>
<key>width</key>
<string>auto</string>
<key>font</key>
<dict>
<key>fontSize</key>
<string>14</string>
</dict>
<key>height</key>
<string>auto</string>
</dict>
<key>vbox</key>
<dict>
<key>width</key>
<string>auto</string>
<key>layout</key>
<string>vertical</string>
<key>height</key>
<string>auto</string>
</dict>
<key>events-row-x</key>
<dict>
<key>width</key>
<string>32</string>
<key>top</key>
<string>5</string>
<key>height</key>
<string>32</string>
</dict>
<key>events-label-val</key>
<dict>
<key>color</key>
<string>yellow</string>
<key>top</key>
<string>6</string>
<key>height</key>
<string>auto</string>
<key>width</key>
<string>auto</string>
<key>font</key>
<dict>
<key>fontFamily</key>
<string>Helvetica Neue</string>
<key>fontSize</key>
<string>10</string>
</dict>
<key>textAlign</key>
<string>left</string>
<key>left</key>
<string>5</string>
</dict>
<key>events-label-desc</key>
<dict>
<key>color</key>
<string>white</string>
<key>top</key>
<string>6</string>
<key>height</key>
<string>auto</string>
<key>width</key>
<string>auto</string>
<key>font</key>
<dict>
<key>fontFamily</key>
<string>Helvetica Neue</string>
<key>fontSize</key>
<string>10</string>
</dict>
<key>textAlign</key>
<string>left</string>
</dict>
<key>events-row-header</key>
<dict>
<key>color</key>
<string>yellow</string>
<key>width</key>
<string>auto</string>
<key>height</key>
<string>auto</string>
<key>font</key>
<dict>
<key>fontSize</key>
<string>16</string>
</dict>
<key>left</key>
<string>5</string>
</dict>
<key>events-row-img</key>
<dict>
<key>touchEnabled</key>
<string>false</string>
<key>width</key>
<string>30</string>
<key>top</key>
<string>5</string>
<key>left</key>
<string>5</string>
<key>height</key>
<string>30</string>
</dict>
<key>events-row-v</key>
<dict>
<key>width</key>
<string>32</string>
<key>top</key>
<string>5</string>
<key>height</key>
<string>32</string>
</dict>
<key>events-row-text</key>
<dict>
<key>width</key>
<string>110</string>
<key>top</key>
<string>5</string>
<key>left</key>
<string>5</string>
<key>layout</key>
<string>vertical</string>
<key>height</key>
<string>auto</string>
</dict>
</dict>
<key>customized</key>
<dict>
<key>view-simple</key>
<dict>
<key>width</key>
<string>100</string>
<key>backgroundColor</key>
<string>black</string>
<key>height</key>
<string>100</string>
</dict>
<key>window-different</key>
<dict>
<key>barColor</key>
<string>blue</string>
<key>backgroundColor</key>
<string>white</string>
</dict>
<key>window-simple</key>
<dict>
<key>barColor</key>
<string>#000</string>
<key>backgroundColor</key>
<string>white</string>
</dict>
</dict>
</dict>

		<key>classes_density</key>
		<dict>
<key>_app</key>
<dict>
</dict>
<key>app</key>
<dict>
</dict>
<key>customized</key>
<dict>
</dict>
</dict>

		<key>ids</key>
		<dict>
<key>_app</key>
<dict>
</dict>
<key>app</key>
<dict>
</dict>
<key>customized</key>
<dict>
</dict>
</dict>

		<key>ids_density</key>
		<dict>
<key>_app</key>
<dict>
</dict>
<key>app</key>
<dict>
</dict>
<key>customized</key>
<dict>
</dict>
</dict>

	</dict>
</plist>
Finishing build
